This is pdfTeX, Version 3.14159265-2.6-1.40.20 (MiKTeX 2.9.7200 64-bit) (preloaded format=pdflatex 2019.10.27)  11 DEC 2019 13:03
entering extended mode
**./assignment_2.tex
(assignment_2.tex
LaTeX2e <2019-10-01>
("C:\Program Files\MiKTeX 2.9\tex/latex/base\article.cls"
Document Class: article 2019/08/27 v1.4j Standard LaTeX document class
("C:\Program Files\MiKTeX 2.9\tex/latex/base\size10.clo"
File: size10.clo 2019/08/27 v1.4j Standard LaTeX file (size option)
)
\c@part=\count80
\c@section=\count81
\c@subsection=\count82
\c@subsubsection=\count83
\c@paragraph=\count84
\c@subparagraph=\count85
\c@figure=\count86
\c@table=\count87
\abovecaptionskip=\skip41
\belowcaptionskip=\skip42
\bibindent=\dimen102
) ("C:\Program Files\MiKTeX 2.9\tex/latex/graphics\graphicx.sty"
Package: graphicx 2017/06/01 v1.1a Enhanced LaTeX Graphics (DPC,SPQR)
 ("C:\Program Files\MiKTeX 2.9\tex/latex/graphics\keyval.sty"
Package: keyval 2014/10/28 v1.15 key=value parser (DPC)
\KV@toks@=\toks14
)
("C:\Program Files\MiKTeX 2.9\tex/latex/graphics\graphics.sty"
Package: graphics 2019/07/20 v1.3b Standard LaTeX Graphics (DPC,SPQR)
 ("C:\Program Files\MiKTeX 2.9\tex/latex/graphics\trig.sty"
Package: trig 2016/01/03 v1.10 sin cos tan (DPC)
) ("C:\Program Files\MiKTeX 2.9\tex/latex/graphics-cfg\graphics.cfg"
File: graphics.cfg 2016/06/04 v1.11 sample graphics configuration
)
Package graphics Info: Driver file: pdftex.def on input line 105.

("C:\Program Files\MiKTeX 2.9\tex/latex/graphics-def\pdftex.def"
File: pdftex.def 2018/01/08 v1.0l Graphics/color driver for pdftex
))
\Gin@req@height=\dimen103
\Gin@req@width=\dimen104
)
("C:\Program Files\MiKTeX 2.9\tex/latex/amsmath\amsmath.sty"
Package: amsmath 2019/04/01 v2.17c AMS math features
\@mathmargin=\skip43

For additional information on amsmath, use the `?' option.
("C:\Program Files\MiKTeX 2.9\tex/latex/amsmath\amstext.sty"
Package: amstext 2000/06/29 v2.01 AMS text
 ("C:\Program Files\MiKTeX 2.9\tex/latex/amsmath\amsgen.sty"
File: amsgen.sty 1999/11/30 v2.0 generic functions
\@emptytoks=\toks15
\ex@=\dimen105
)) ("C:\Program Files\MiKTeX 2.9\tex/latex/amsmath\amsbsy.sty"
Package: amsbsy 1999/11/29 v1.2d Bold Symbols
\pmbraise@=\dimen106
)
("C:\Program Files\MiKTeX 2.9\tex/latex/amsmath\amsopn.sty"
Package: amsopn 2016/03/08 v2.02 operator names
)
\inf@bad=\count88
LaTeX Info: Redefining \frac on input line 227.
\uproot@=\count89
\leftroot@=\count90
LaTeX Info: Redefining \overline on input line 389.
\classnum@=\count91
\DOTSCASE@=\count92
LaTeX Info: Redefining \ldots on input line 486.
LaTeX Info: Redefining \dots on input line 489.
LaTeX Info: Redefining \cdots on input line 610.
\Mathstrutbox@=\box27
\strutbox@=\box28
\big@size=\dimen107
LaTeX Font Info:    Redeclaring font encoding OML on input line 733.
LaTeX Font Info:    Redeclaring font encoding OMS on input line 734.
\macc@depth=\count93
\c@MaxMatrixCols=\count94
\dotsspace@=\muskip10
\c@parentequation=\count95
\dspbrk@lvl=\count96
\tag@help=\toks16
\row@=\count97
\column@=\count98
\maxfields@=\count99
\andhelp@=\toks17
\eqnshift@=\dimen108
\alignsep@=\dimen109
\tagshift@=\dimen110
\tagwidth@=\dimen111
\totwidth@=\dimen112
\lineht@=\dimen113
\@envbody=\toks18
\multlinegap=\skip44
\multlinetaggap=\skip45
\mathdisplay@stack=\toks19
LaTeX Info: Redefining \[ on input line 2855.
LaTeX Info: Redefining \] on input line 2856.
) ("C:\Program Files\MiKTeX 2.9\tex/latex/float\float.sty"
Package: float 2001/11/08 v1.3d Float enhancements (AL)
\c@float@type=\count100
\float@exts=\toks20
\float@box=\box29
\@float@everytoks=\toks21
\@floatcapt=\box30
)
(C:\Users\giann\AppData\Roaming\MiKTeX\2.9\tex/latex/changepage\changepage.sty
Package: changepage 2009/10/20 v1.0c check page and change page layout
\c@cp@cntr=\count101
\cp@tempcnt=\count102
) (assignment_2.aux)
\openout1 = `assignment_2.aux'.

LaTeX Font Info:    Checking defaults for OML/cmm/m/it on input line 50.
LaTeX Font Info:    ... okay on input line 50.
LaTeX Font Info:    Checking defaults for T1/cmr/m/n on input line 50.
LaTeX Font Info:    ... okay on input line 50.
LaTeX Font Info:    Checking defaults for OT1/cmr/m/n on input line 50.
LaTeX Font Info:    ... okay on input line 50.
LaTeX Font Info:    Checking defaults for OMS/cmsy/m/n on input line 50.
LaTeX Font Info:    ... okay on input line 50.
LaTeX Font Info:    Checking defaults for OMX/cmex/m/n on input line 50.
LaTeX Font Info:    ... okay on input line 50.
LaTeX Font Info:    Checking defaults for U/cmr/m/n on input line 50.
LaTeX Font Info:    ... okay on input line 50.

(C:\Users\giann\AppData\Roaming\MiKTeX\2.9\tex/context/base/mkii\supp-pdf.mkii
[Loading MPS to PDF converter (version 2006.09.02).]
\scratchcounter=\count103
\scratchdimen=\dimen114
\scratchbox=\box31
\nofMPsegments=\count104
\nofMParguments=\count105
\everyMPshowfont=\toks22
\MPscratchCnt=\count106
\MPscratchDim=\dimen115
\MPnumerator=\count107
\makeMPintoPDFobject=\count108
\everyMPtoPDFconversion=\toks23
) ("C:\Program Files\MiKTeX 2.9\tex/latex/oberdiek\epstopdf-base.sty"
Package: epstopdf-base 2016/05/15 v2.6 Base part for package epstopdf

("C:\Program Files\MiKTeX 2.9\tex/generic/oberdiek\infwarerr.sty"
Package: infwarerr 2016/05/16 v1.4 Providing info/warning/error messages (HO)
)
("C:\Program Files\MiKTeX 2.9\tex/latex/oberdiek\grfext.sty"
Package: grfext 2016/05/16 v1.2 Manage graphics extensions (HO)

("C:\Program Files\MiKTeX 2.9\tex/generic/oberdiek\kvdefinekeys.sty"
Package: kvdefinekeys 2016/05/16 v1.4 Define keys (HO)

("C:\Program Files\MiKTeX 2.9\tex/generic/oberdiek\ltxcmds.sty"
Package: ltxcmds 2016/05/16 v1.23 LaTeX kernel commands for general use (HO)
)))
("C:\Program Files\MiKTeX 2.9\tex/latex/oberdiek\kvoptions.sty"
Package: kvoptions 2016/05/16 v3.12 Key value format for package options (HO)

("C:\Program Files\MiKTeX 2.9\tex/generic/oberdiek\kvsetkeys.sty"
Package: kvsetkeys 2016/05/16 v1.17 Key value parser (HO)

("C:\Program Files\MiKTeX 2.9\tex/generic/oberdiek\etexcmds.sty"
Package: etexcmds 2016/05/16 v1.6 Avoid name clashes with e-TeX commands (HO)

("C:\Program Files\MiKTeX 2.9\tex/generic/oberdiek\ifluatex.sty"
Package: ifluatex 2016/05/16 v1.4 Provides the ifluatex switch (HO)
Package ifluatex Info: LuaTeX not detected.
))))
("C:\Program Files\MiKTeX 2.9\tex/generic/oberdiek\pdftexcmds.sty"
Package: pdftexcmds 2019/07/25 v0.30 Utility functions of pdfTeX for LuaTeX (HO)

("C:\Program Files\MiKTeX 2.9\tex/generic/oberdiek\ifpdf.sty"
Package: ifpdf 2018/09/07 v3.3 Provides the ifpdf switch
)
Package pdftexcmds Info: LuaTeX not detected.
Package pdftexcmds Info: \pdf@primitive is available.
Package pdftexcmds Info: \pdf@ifprimitive is available.
Package pdftexcmds Info: \pdfdraftmode found.
)
Package epstopdf-base Info: Redefining graphics rule for `.eps' on input line 438.
Package grfext Info: Graphics extension search list:
(grfext)             [.pdf,.png,.jpg,.mps,.jpeg,.jbig2,.jb2,.PDF,.PNG,.JPG,.JPEG,.JBIG2,.JB2,.eps]
(grfext)             \AppendGraphicsExtensions on input line 456.
)
Overfull \hbox (17.27742pt too wide) in paragraph at lines 76--78
\OT1/cmr/m/n/10 Comparison of an OpenMP pro-gram that im-ple-ments the "touch by one"policy
 []


Overfull \hbox (32.58403pt too wide) in paragraph at lines 89--95
\OT1/cmr/m/n/10 We start by ob-serv-ing two slightly dif-fer-ent codes: 01[]array[]sum.c and 04[]touch[]by[]all.c.
 []

<graphs/exercise_0_strongscaling.png, id=1, 860.46469pt x 426.09187pt>
File: graphs/exercise_0_strongscaling.png Graphic file (type png)
<use graphs/exercise_0_strongscaling.png>
Package pdftex.def Info: graphs/exercise_0_strongscaling.png  used on input line 101.
(pdftex.def)             Requested size: 276.00105pt x 136.67076pt.
[1

{C:/Users/giann/AppData/Local/MiKTeX/2.9/pdftex/config/pdftex.map}]
<graphs/exercise_0_speedup.png, id=12, 860.46469pt x 426.09187pt>
File: graphs/exercise_0_speedup.png Graphic file (type png)
<use graphs/exercise_0_speedup.png>
Package pdftex.def Info: graphs/exercise_0_speedup.png  used on input line 107.
(pdftex.def)             Requested size: 276.00105pt x 136.67076pt.
<graphs/exercise_0_overhead.jpeg, id=13, 860.46469pt x 426.09187pt>
File: graphs/exercise_0_overhead.jpeg Graphic file (type jpg)
<use graphs/exercise_0_overhead.jpeg>
Package pdftex.def Info: graphs/exercise_0_overhead.jpeg  used on input line 119.
(pdftex.def)             Requested size: 276.00105pt x 136.67076pt.
 [2 <./graphs/exercise_0_strongscaling.png> <./graphs/exercise_0_speedup.png>]
Overfull \hbox (86.89854pt too wide) in paragraph at lines 129--144
[][] 
 []

[3 <./graphs/exercise_0_overhead.jpeg>]
<graphs/openmp_pi_strongscaling.png, id=28, 860.46469pt x 426.09187pt>
File: graphs/openmp_pi_strongscaling.png Graphic file (type png)
<use graphs/openmp_pi_strongscaling.png>
Package pdftex.def Info: graphs/openmp_pi_strongscaling.png  used on input line 163.
(pdftex.def)             Requested size: 276.00105pt x 136.67076pt.
<graphs/openmp_pi_strongscaling_speedup.png, id=29, 389.20406pt x 426.09187pt>
File: graphs/openmp_pi_strongscaling_speedup.png Graphic file (type png)
<use graphs/openmp_pi_strongscaling_speedup.png>
Package pdftex.def Info: graphs/openmp_pi_strongscaling_speedup.png  used on input line 169.
(pdftex.def)             Requested size: 276.00105pt x 302.16974pt.
 [4 <./graphs/openmp_pi_strongscaling.png>]
<graphs/openmp_pi_weakscaling.png, id=34, 860.46469pt x 426.09187pt>
File: graphs/openmp_pi_weakscaling.png Graphic file (type png)
<use graphs/openmp_pi_weakscaling.png>
Package pdftex.def Info: graphs/openmp_pi_weakscaling.png  used on input line 175.
(pdftex.def)             Requested size: 276.00105pt x 136.67076pt.
<graphs/openmp_pi_weakscaling_speedup.png, id=35, 860.46469pt x 426.09187pt>
File: graphs/openmp_pi_weakscaling_speedup.png Graphic file (type png)
<use graphs/openmp_pi_weakscaling_speedup.png>
Package pdftex.def Info: graphs/openmp_pi_weakscaling_speedup.png  used on input line 181.
(pdftex.def)             Requested size: 276.00105pt x 136.67076pt.
 [5 <./graphs/openmp_pi_strongscaling_speedup.png> <./graphs/openmp_pi_weakscaling.png>]
<graphs/openmp_pi_strongscaling_overhead.png, id=42, 389.20406pt x 426.09187pt>
File: graphs/openmp_pi_strongscaling_overhead.png Graphic file (type png)
<use graphs/openmp_pi_strongscaling_overhead.png>
Package pdftex.def Info: graphs/openmp_pi_strongscaling_overhead.png  used on input line 192.
(pdftex.def)             Requested size: 276.00105pt x 302.16974pt.
 [6 <./graphs/openmp_pi_weakscaling_speedup.png>]
<graphs/time_to_solution.png, id=47, 389.20406pt x 426.09187pt>
File: graphs/time_to_solution.png Graphic file (type png)
<use graphs/time_to_solution.png>
Package pdftex.def Info: graphs/time_to_solution.png  used on input line 202.
(pdftex.def)             Requested size: 276.00105pt x 302.16974pt.
 [7 <./graphs/openmp_pi_strongscaling_overhead.png>]
<graphs/mpi_pi_elaps_time_on_nodes.png, id=53, 860.46469pt x 426.09187pt>
File: graphs/mpi_pi_elaps_time_on_nodes.png Graphic file (type png)
<use graphs/mpi_pi_elaps_time_on_nodes.png>
Package pdftex.def Info: graphs/mpi_pi_elaps_time_on_nodes.png  used on input line 210.
(pdftex.def)             Requested size: 276.00105pt x 136.67076pt.
 [8 <./graphs/time_to_solution.png>]
<graphs/pi_points_estimation_execution_time.png, id=58, 860.46469pt x 426.09187pt>
File: graphs/pi_points_estimation_execution_time.png Graphic file (type png)
<use graphs/pi_points_estimation_execution_time.png>
Package pdftex.def Info: graphs/pi_points_estimation_execution_time.png  used on input line 222.
(pdftex.def)             Requested size: 310.4979pt x 153.75703pt.
<graphs/pi_total_sum_execution_time.png, id=59, 860.46469pt x 426.09187pt>
File: graphs/pi_total_sum_execution_time.png Graphic file (type png)
<use graphs/pi_total_sum_execution_time.png>
Package pdftex.def Info: graphs/pi_total_sum_execution_time.png  used on input line 235.
(pdftex.def)             Requested size: 310.4979pt x 153.75703pt.
 [9 <./graphs/mpi_pi_elaps_time_on_nodes.png> <./graphs/pi_points_estimation_execution_time.png>]
<graphs/pi_total_execution_time.png, id=65, 860.46469pt x 426.09187pt>
File: graphs/pi_total_execution_time.png Graphic file (type png)
<use graphs/pi_total_execution_time.png>
Package pdftex.def Info: graphs/pi_total_execution_time.png  used on input line 245.
(pdftex.def)             Requested size: 310.4979pt x 153.75703pt.
 [10 <./graphs/pi_total_sum_execution_time.png> <./graphs/pi_total_execution_time.png>]
<graphs/final_overhead.png, id=71, 694.84593pt x 426.09187pt>
File: graphs/final_overhead.png Graphic file (type png)
<use graphs/final_overhead.png>
Package pdftex.def Info: graphs/final_overhead.png  used on input line 255.
(pdftex.def)             Requested size: 310.4979pt x 190.40022pt.
<graphs/times_comparison_openmp_pi.png, id=72, 694.84593pt x 426.09187pt>
File: graphs/times_comparison_openmp_pi.png Graphic file (type png)
<use graphs/times_comparison_openmp_pi.png>
Package pdftex.def Info: graphs/times_comparison_openmp_pi.png  used on input line 265.
(pdftex.def)             Requested size: 310.4979pt x 190.40022pt.
 [11 <./graphs/final_overhead.png>]
<graphs/strong_scaling_times_comparison_openmp.png, id=77, 694.84593pt x 426.09187pt>
File: graphs/strong_scaling_times_comparison_openmp.png Graphic file (type png)
<use graphs/strong_scaling_times_comparison_openmp.png>
Package pdftex.def Info: graphs/strong_scaling_times_comparison_openmp.png  used on input line 277.
(pdftex.def)             Requested size: 310.4979pt x 190.40022pt.
<graphs/strong_scaling_times_comparison_mpi.png, id=78, 694.84593pt x 426.09187pt>
File: graphs/strong_scaling_times_comparison_mpi.png Graphic file (type png)
<use graphs/strong_scaling_times_comparison_mpi.png>
Package pdftex.def Info: graphs/strong_scaling_times_comparison_mpi.png  used on input line 282.
(pdftex.def)             Requested size: 310.4979pt x 190.40022pt.
 [12 <./graphs/times_comparison_openmp_pi.png>]
<graphs/strong_scaling_times_comparison.png, id=83, 694.84593pt x 426.09187pt>
File: graphs/strong_scaling_times_comparison.png Graphic file (type png)
<use graphs/strong_scaling_times_comparison.png>
Package pdftex.def Info: graphs/strong_scaling_times_comparison.png  used on input line 290.
(pdftex.def)             Requested size: 310.4979pt x 190.40022pt.
 [13 <./graphs/strong_scaling_times_comparison_openmp.png> <./graphs/strong_scaling_times_comparison_mpi.png>] [14 <./gr
aphs/strong_scaling_times_comparison.png>] (assignment_2.aux) ) 
Here is how much of TeX's memory you used:
 2349 strings out of 492452
 35075 string characters out of 3129807
 103389 words of memory out of 3000000
 6670 multiletter control sequences out of 15000+200000
 9324 words of font info for 34 fonts, out of 3000000 for 9000
 1141 hyphenation exceptions out of 8191
 46i,7n,30p,388b,232s stack positions out of 5000i,500n,10000p,200000b,50000s
<C:/Program Files/MiKTeX 2.9/fonts/type1/public/amsfonts/
cm/cmbx10.pfb><C:/Program Files/MiKTeX 2.9/fonts/type1/public/amsfonts/cm/cmbx12.pfb><C:/Program Files/MiKTeX 2.9/fonts/
type1/public/amsfonts/cm/cmcsc10.pfb><C:/Program Files/MiKTeX 2.9/fonts/type1/public/amsfonts/cm/cmmi10.pfb><C:/Program 
Files/MiKTeX 2.9/fonts/type1/public/amsfonts/cm/cmmi5.pfb><C:/Program Files/MiKTeX 2.9/fonts/type1/public/amsfonts/cm/cm
r10.pfb><C:/Program Files/MiKTeX 2.9/fonts/type1/public/amsfonts/cm/cmr12.pfb><C:/Program Files/MiKTeX 2.9/fonts/type1/p
ublic/amsfonts/cm/cmr17.pfb><C:/Program Files/MiKTeX 2.9/fonts/type1/public/amsfonts/cm/cmr5.pfb><C:/Program Files/MiKTe
X 2.9/fonts/type1/public/amsfonts/cm/cmr7.pfb><C:/Program Files/MiKTeX 2.9/fonts/type1/public/amsfonts/cm/cmsy10.pfb><C:
/Program Files/MiKTeX 2.9/fonts/type1/public/amsfonts/cm/cmsy7.pfb>
Output written on assignment_2.pdf (14 pages, 248886 bytes).
PDF statistics:
 132 PDF objects out of 1000 (max. 8388607)
 0 named destinations out of 1000 (max. 500000)
 91 words of extra memory for PDF output out of 10000 (max. 10000000)

