This is pdfTeX, Version 3.14159265-2.6-1.40.20 (MiKTeX 2.9.7200 64-bit) (preloaded format=pdflatex 2019.10.27)  1 JAN 2020 10:08
entering extended mode
**./assignment_3.tex
(assignment_3.tex
LaTeX2e <2019-10-01>
("C:\Program Files\MiKTeX 2.9\tex/latex/base\article.cls"
Document Class: article 2019/08/27 v1.4j Standard LaTeX document class
("C:\Program Files\MiKTeX 2.9\tex/latex/base\size10.clo"
File: size10.clo 2019/08/27 v1.4j Standard LaTeX file (size option)
)
\c@part=\count80
\c@section=\count81
\c@subsection=\count82
\c@subsubsection=\count83
\c@paragraph=\count84
\c@subparagraph=\count85
\c@figure=\count86
\c@table=\count87
\abovecaptionskip=\skip41
\belowcaptionskip=\skip42
\bibindent=\dimen102
) ("C:\Program Files\MiKTeX 2.9\tex/latex/graphics\graphicx.sty"
Package: graphicx 2017/06/01 v1.1a Enhanced LaTeX Graphics (DPC,SPQR)
 ("C:\Program Files\MiKTeX 2.9\tex/latex/graphics\keyval.sty"
Package: keyval 2014/10/28 v1.15 key=value parser (DPC)
\KV@toks@=\toks14
)
("C:\Program Files\MiKTeX 2.9\tex/latex/graphics\graphics.sty"
Package: graphics 2019/07/20 v1.3b Standard LaTeX Graphics (DPC,SPQR)
 ("C:\Program Files\MiKTeX 2.9\tex/latex/graphics\trig.sty"
Package: trig 2016/01/03 v1.10 sin cos tan (DPC)
) ("C:\Program Files\MiKTeX 2.9\tex/latex/graphics-cfg\graphics.cfg"
File: graphics.cfg 2016/06/04 v1.11 sample graphics configuration
)
Package graphics Info: Driver file: pdftex.def on input line 105.

("C:\Program Files\MiKTeX 2.9\tex/latex/graphics-def\pdftex.def"
File: pdftex.def 2018/01/08 v1.0l Graphics/color driver for pdftex
))
\Gin@req@height=\dimen103
\Gin@req@width=\dimen104
)
("C:\Program Files\MiKTeX 2.9\tex/latex/amsmath\amsmath.sty"
Package: amsmath 2019/04/01 v2.17c AMS math features
\@mathmargin=\skip43

For additional information on amsmath, use the `?' option.
("C:\Program Files\MiKTeX 2.9\tex/latex/amsmath\amstext.sty"
Package: amstext 2000/06/29 v2.01 AMS text
 ("C:\Program Files\MiKTeX 2.9\tex/latex/amsmath\amsgen.sty"
File: amsgen.sty 1999/11/30 v2.0 generic functions
\@emptytoks=\toks15
\ex@=\dimen105
)) ("C:\Program Files\MiKTeX 2.9\tex/latex/amsmath\amsbsy.sty"
Package: amsbsy 1999/11/29 v1.2d Bold Symbols
\pmbraise@=\dimen106
)
("C:\Program Files\MiKTeX 2.9\tex/latex/amsmath\amsopn.sty"
Package: amsopn 2016/03/08 v2.02 operator names
)
\inf@bad=\count88
LaTeX Info: Redefining \frac on input line 227.
\uproot@=\count89
\leftroot@=\count90
LaTeX Info: Redefining \overline on input line 389.
\classnum@=\count91
\DOTSCASE@=\count92
LaTeX Info: Redefining \ldots on input line 486.
LaTeX Info: Redefining \dots on input line 489.
LaTeX Info: Redefining \cdots on input line 610.
\Mathstrutbox@=\box27
\strutbox@=\box28
\big@size=\dimen107
LaTeX Font Info:    Redeclaring font encoding OML on input line 733.
LaTeX Font Info:    Redeclaring font encoding OMS on input line 734.
\macc@depth=\count93
\c@MaxMatrixCols=\count94
\dotsspace@=\muskip10
\c@parentequation=\count95
\dspbrk@lvl=\count96
\tag@help=\toks16
\row@=\count97
\column@=\count98
\maxfields@=\count99
\andhelp@=\toks17
\eqnshift@=\dimen108
\alignsep@=\dimen109
\tagshift@=\dimen110
\tagwidth@=\dimen111
\totwidth@=\dimen112
\lineht@=\dimen113
\@envbody=\toks18
\multlinegap=\skip44
\multlinetaggap=\skip45
\mathdisplay@stack=\toks19
LaTeX Info: Redefining \[ on input line 2855.
LaTeX Info: Redefining \] on input line 2856.
) ("C:\Program Files\MiKTeX 2.9\tex/latex/float\float.sty"
Package: float 2001/11/08 v1.3d Float enhancements (AL)
\c@float@type=\count100
\float@exts=\toks20
\float@box=\box29
\@float@everytoks=\toks21
\@floatcapt=\box30
)
(C:\Users\giann\AppData\Roaming\MiKTeX\2.9\tex/latex/changepage\changepage.sty
Package: changepage 2009/10/20 v1.0c check page and change page layout
\c@cp@cntr=\count101
\cp@tempcnt=\count102
) (assignment_3.aux)
\openout1 = `assignment_3.aux'.

LaTeX Font Info:    Checking defaults for OML/cmm/m/it on input line 50.
LaTeX Font Info:    ... okay on input line 50.
LaTeX Font Info:    Checking defaults for T1/cmr/m/n on input line 50.
LaTeX Font Info:    ... okay on input line 50.
LaTeX Font Info:    Checking defaults for OT1/cmr/m/n on input line 50.
LaTeX Font Info:    ... okay on input line 50.
LaTeX Font Info:    Checking defaults for OMS/cmsy/m/n on input line 50.
LaTeX Font Info:    ... okay on input line 50.
LaTeX Font Info:    Checking defaults for OMX/cmex/m/n on input line 50.
LaTeX Font Info:    ... okay on input line 50.
LaTeX Font Info:    Checking defaults for U/cmr/m/n on input line 50.
LaTeX Font Info:    ... okay on input line 50.

(C:\Users\giann\AppData\Roaming\MiKTeX\2.9\tex/context/base/mkii\supp-pdf.mkii
[Loading MPS to PDF converter (version 2006.09.02).]
\scratchcounter=\count103
\scratchdimen=\dimen114
\scratchbox=\box31
\nofMPsegments=\count104
\nofMParguments=\count105
\everyMPshowfont=\toks22
\MPscratchCnt=\count106
\MPscratchDim=\dimen115
\MPnumerator=\count107
\makeMPintoPDFobject=\count108
\everyMPtoPDFconversion=\toks23
) ("C:\Program Files\MiKTeX 2.9\tex/latex/oberdiek\epstopdf-base.sty"
Package: epstopdf-base 2016/05/15 v2.6 Base part for package epstopdf

("C:\Program Files\MiKTeX 2.9\tex/generic/oberdiek\infwarerr.sty"
Package: infwarerr 2016/05/16 v1.4 Providing info/warning/error messages (HO)
)
("C:\Program Files\MiKTeX 2.9\tex/latex/oberdiek\grfext.sty"
Package: grfext 2016/05/16 v1.2 Manage graphics extensions (HO)

("C:\Program Files\MiKTeX 2.9\tex/generic/oberdiek\kvdefinekeys.sty"
Package: kvdefinekeys 2016/05/16 v1.4 Define keys (HO)

("C:\Program Files\MiKTeX 2.9\tex/generic/oberdiek\ltxcmds.sty"
Package: ltxcmds 2016/05/16 v1.23 LaTeX kernel commands for general use (HO)
)))
("C:\Program Files\MiKTeX 2.9\tex/latex/oberdiek\kvoptions.sty"
Package: kvoptions 2016/05/16 v3.12 Key value format for package options (HO)

("C:\Program Files\MiKTeX 2.9\tex/generic/oberdiek\kvsetkeys.sty"
Package: kvsetkeys 2016/05/16 v1.17 Key value parser (HO)

("C:\Program Files\MiKTeX 2.9\tex/generic/oberdiek\etexcmds.sty"
Package: etexcmds 2016/05/16 v1.6 Avoid name clashes with e-TeX commands (HO)

("C:\Program Files\MiKTeX 2.9\tex/generic/oberdiek\ifluatex.sty"
Package: ifluatex 2016/05/16 v1.4 Provides the ifluatex switch (HO)
Package ifluatex Info: LuaTeX not detected.
))))
("C:\Program Files\MiKTeX 2.9\tex/generic/oberdiek\pdftexcmds.sty"
Package: pdftexcmds 2019/07/25 v0.30 Utility functions of pdfTeX for LuaTeX (HO)

("C:\Program Files\MiKTeX 2.9\tex/generic/oberdiek\ifpdf.sty"
Package: ifpdf 2018/09/07 v3.3 Provides the ifpdf switch
)
Package pdftexcmds Info: LuaTeX not detected.
Package pdftexcmds Info: \pdf@primitive is available.
Package pdftexcmds Info: \pdf@ifprimitive is available.
Package pdftexcmds Info: \pdfdraftmode found.
)
Package epstopdf-base Info: Redefining graphics rule for `.eps' on input line 438.
Package grfext Info: Graphics extension search list:
(grfext)             [.pdf,.png,.jpg,.mps,.jpeg,.jbig2,.jb2,.PDF,.PNG,.JPG,.JPEG,.JBIG2,.JB2,.eps]
(grfext)             \AppendGraphicsExtensions on input line 456.
)
<images/parallel_mandelbrot_image_peculiar_1.jpg, id=1, 10037.5pt x 10037.5pt>
File: images/parallel_mandelbrot_image_peculiar_1.jpg Graphic file (type jpg)
<use images/parallel_mandelbrot_image_peculiar_1.jpg>
Package pdftex.def Info: images/parallel_mandelbrot_image_peculiar_1.jpg  used on input line 101.
(pdftex.def)             Requested size: 172.5pt x 172.45784pt.
 [1

{C:/Users/giann/AppData/Local/MiKTeX/2.9/pdftex/config/pdftex.map}]
<images/mandelbrot_image_peculiar_1.jpeg, id=16, 1003.75pt x 1003.75pt>
File: images/mandelbrot_image_peculiar_1.jpeg Graphic file (type jpg)
<use images/mandelbrot_image_peculiar_1.jpeg>
Package pdftex.def Info: images/mandelbrot_image_peculiar_1.jpeg  used on input line 107.
(pdftex.def)             Requested size: 172.5pt x 172.48848pt.
<images/mandelbrot_image_peculiar_17.jpeg, id=17, 1003.75pt x 1003.75pt>
File: images/mandelbrot_image_peculiar_17.jpeg Graphic file (type jpg)
<use images/mandelbrot_image_peculiar_17.jpeg>
Package pdftex.def Info: images/mandelbrot_image_peculiar_17.jpeg  used on input line 113.
(pdftex.def)             Requested size: 172.5pt x 172.48848pt.
 [2 <./images/parallel_mandelbrot_image_peculiar_1.jpg> <./images/mandelbrot_image_peculiar_1.jpeg>]
<images/custom_mandelbrot_image_cubic_peculiar_9.jpeg, id=21, 1003.75pt x 1003.75pt>
File: images/custom_mandelbrot_image_cubic_peculiar_9.jpeg Graphic file (type jpg)
<use images/custom_mandelbrot_image_cubic_peculiar_9.jpeg>
Package pdftex.def Info: images/custom_mandelbrot_image_cubic_peculiar_9.jpeg  used on input line 122.
(pdftex.def)             Requested size: 172.5pt x 172.48848pt.
<images/custom_mandelbrot_image_cubic_tetrahedric_10.jpeg, id=22, 1003.75pt x 1003.75pt>
File: images/custom_mandelbrot_image_cubic_tetrahedric_10.jpeg Graphic file (type jpg)
<use images/custom_mandelbrot_image_cubic_tetrahedric_10.jpeg>
Package pdftex.def Info: images/custom_mandelbrot_image_cubic_tetrahedric_10.jpeg  used on input line 128.
(pdftex.def)             Requested size: 172.5pt x 172.48848pt.

[3 <./images/mandelbrot_image_peculiar_17.jpeg> <./images/custom_mandelbrot_image_cubic_peculiar_9.jpeg>]
<images/custom_mandelbrot_image_pentapower_peculiar_10.jpeg, id=26, 1003.75pt x 1003.75pt>
File: images/custom_mandelbrot_image_pentapower_peculiar_10.jpeg Graphic file (type jpg)
<use images/custom_mandelbrot_image_pentapower_peculiar_10.jpeg>
Package pdftex.def Info: images/custom_mandelbrot_image_pentapower_peculiar_10.jpeg  used on input line 134.
(pdftex.def)             Requested size: 172.5pt x 172.48848pt.
<images/custom_mandelbrot_image_esapower_peculiar_11.jpeg, id=27, 1003.75pt x 1003.75pt>
File: images/custom_mandelbrot_image_esapower_peculiar_11.jpeg Graphic file (type jpg)
<use images/custom_mandelbrot_image_esapower_peculiar_11.jpeg>
Package pdftex.def Info: images/custom_mandelbrot_image_esapower_peculiar_11.jpeg  used on input line 140.
(pdftex.def)             Requested size: 172.5pt x 172.48848pt.
 [4 <./images/custom_mandelbrot_image_cubic_tetrahedric_10.jpeg> <./images/custom_mandelbrot_image_pentapower_peculiar_1
0.jpeg>]
<graphs/strong_scaling_test_mandelbrot.jpeg, id=31, 542.77782pt x 396.7322pt>
File: graphs/strong_scaling_test_mandelbrot.jpeg Graphic file (type jpg)
<use graphs/strong_scaling_test_mandelbrot.jpeg>
Package pdftex.def Info: graphs/strong_scaling_test_mandelbrot.jpeg  used on input line 150.
(pdftex.def)             Requested size: 276.00105pt x 201.74353pt.
<graphs/weak_scaling_test_mandelbrot.jpeg, id=32, 542.77782pt x 396.7322pt>
File: graphs/weak_scaling_test_mandelbrot.jpeg Graphic file (type jpg)
<use graphs/weak_scaling_test_mandelbrot.jpeg>
Package pdftex.def Info: graphs/weak_scaling_test_mandelbrot.jpeg  used on input line 155.
(pdftex.def)             Requested size: 276.00105pt x 201.74353pt.

[5 <./images/custom_mandelbrot_image_esapower_peculiar_11.jpeg> <./graphs/strong_scaling_test_mandelbrot.jpeg>] [6 <./gr
aphs/weak_scaling_test_mandelbrot.jpeg>] (assignment_3.aux) ) 
Here is how much of TeX's memory you used:
 2301 strings out of 492452
 34271 string characters out of 3129807
 100401 words of memory out of 3000000
 6630 multiletter control sequences out of 15000+200000
 9017 words of font info for 33 fonts, out of 3000000 for 9000
 1141 hyphenation exceptions out of 8191
 46i,6n,30p,477b,232s stack positions out of 5000i,500n,10000p,200000b,50000s
<C:/Program Files/MiKTeX 2.9/fonts/type1/public/amsfonts/cm
/cmbx10.pfb><C:/Program Files/MiKTeX 2.9/fonts/type1/public/amsfonts/cm/cmbx12.pfb><C:/Program Files/MiKTeX 2.9/fonts/ty
pe1/public/amsfonts/cm/cmcsc10.pfb><C:/Program Files/MiKTeX 2.9/fonts/type1/public/amsfonts/cm/cmmi10.pfb><C:/Program Fi
les/MiKTeX 2.9/fonts/type1/public/amsfonts/cm/cmmi7.pfb><C:/Program Files/MiKTeX 2.9/fonts/type1/public/amsfonts/cm/cmr1
0.pfb><C:/Program Files/MiKTeX 2.9/fonts/type1/public/amsfonts/cm/cmr12.pfb><C:/Program Files/MiKTeX 2.9/fonts/type1/pub
lic/amsfonts/cm/cmr17.pfb><C:/Program Files/MiKTeX 2.9/fonts/type1/public/amsfonts/cm/cmr7.pfb><C:/Program Files/MiKTeX 
2.9/fonts/type1/public/amsfonts/cm/cmsy10.pfb>
Output written on assignment_3.pdf (6 pages, 2903301 bytes).
PDF statistics:
 72 PDF objects out of 1000 (max. 8388607)
 0 named destinations out of 1000 (max. 500000)
 46 words of extra memory for PDF output out of 10000 (max. 10000000)

